ERROR - 2024-10-21 20:38:43 --> mysqli_sql_exception: Unknown column 'order_by' in 'field list' in /home/u264005335/domains/housefull24.com/public_html/system/Database/MySQLi/Connection.php:306
Stack trace:
#0 /home/u264005335/domains/housefull24.com/public_html/system/Database/MySQLi/Connection.php(306): mysqli->query()
#1 /home/u264005335/domains/housefull24.com/public_html/system/Database/BaseConnection.php(692): CodeIgniter\Database\MySQLi\Connection->execute()
#2 /home/u264005335/domains/housefull24.com/public_html/system/Database/BaseConnection.php(606): CodeIgniter\Database\BaseConnection->simpleQuery()
#3 /home/u264005335/domains/housefull24.com/public_html/system/Database/BaseBuilder.php(1615): CodeIgniter\Database\BaseConnection->query()
#4 /home/u264005335/domains/housefull24.com/public_html/system/Model.php(237): CodeIgniter\Database\BaseBuilder->get()
#5 /home/u264005335/domains/housefull24.com/public_html/system/BaseModel.php(624): CodeIgniter\Model->doFindAll()
#6 /home/u264005335/domains/housefull24.com/public_html/app/Controllers/Home.php(40): CodeIgniter\BaseModel->findAll()
#7 /home/u264005335/domains/housefull24.com/public_html/system/CodeIgniter.php(919): App\Controllers\Home->docData()
#8 /home/u264005335/domains/housefull24.com/public_html/system/CodeIgniter.php(494): CodeIgniter\CodeIgniter->runController()
#9 /home/u264005335/domains/housefull24.com/public_html/system/CodeIgniter.php(353): CodeIgniter\CodeIgniter->handleRequest()
#10 /home/u264005335/domains/housefull24.com/public_html/index.php(79): CodeIgniter\CodeIgniter->run()
#11 {main}
CRITICAL - 2024-10-21 20:38:43 --> Unknown column 'order_by' in 'field list'
in SYSTEMPATH/Database/BaseConnection.php on line 646.
 1 SYSTEMPATH/Database/BaseBuilder.php(1615): CodeIgniter\Database\BaseConnection->query()
 2 SYSTEMPATH/Model.php(237): CodeIgniter\Database\BaseBuilder->get()
 3 SYSTEMPATH/BaseModel.php(624): CodeIgniter\Model->doFindAll()
 4 APPPATH/Controllers/Home.php(40): CodeIgniter\BaseModel->findAll()
 5 SYSTEMPATH/CodeIgniter.php(919): App\Controllers\Home->docData()
 6 SYSTEMPATH/CodeIgniter.php(494): CodeIgniter\CodeIgniter->runController()
 7 SYSTEMPATH/CodeIgniter.php(353): CodeIgniter\CodeIgniter->handleRequest()
 8 FCPATH/index.php(79): CodeIgniter\CodeIgniter->run()
