ERROR - 2024-07-10 20:00:32 --> mysqli_sql_exception: Table 'taxation.services' doesn't exist in D:\Practice\housefull24\system\Database\MySQLi\Connection.php:306
Stack trace:
#0 D:\Practice\housefull24\system\Database\MySQLi\Connection.php(306): mysqli->query('SELECT `id`, `n...', 0)
#1 D:\Practice\housefull24\system\Database\BaseConnection.php(692): CodeIgniter\Database\MySQLi\Connection->execute('SELECT `id`, `n...')
#2 D:\Practice\housefull24\system\Database\BaseConnection.php(606): CodeIgniter\Database\BaseConnection->simpleQuery('SELECT `id`, `n...')
#3 D:\Practice\housefull24\system\Database\BaseBuilder.php(1615): CodeIgniter\Database\BaseConnection->query('SELECT `id`, `n...', Array, false)
#4 D:\Practice\housefull24\system\Model.php(237): CodeIgniter\Database\BaseBuilder->get()
#5 D:\Practice\housefull24\system\BaseModel.php(624): CodeIgniter\Model->doFindAll(0, 0)
#6 D:\Practice\housefull24\app\Models\ServiceModel.php(47): CodeIgniter\BaseModel->findAll()
#7 D:\Practice\housefull24\app\Controllers\Home.php(17): App\Models\ServiceModel->getServices()
#8 D:\Practice\housefull24\system\CodeIgniter.php(919): App\Controllers\Home->index()
#9 D:\Practice\housefull24\system\CodeIgniter.php(494): CodeIgniter\CodeIgniter->runController(Object(App\Controllers\Home))
#10 D:\Practice\housefull24\system\CodeIgniter.php(353): CodeIgniter\CodeIgniter->handleRequest(NULL, Object(Config\Cache), false)
#11 D:\Practice\housefull24\index.php(79): CodeIgniter\CodeIgniter->run()
#12 {main}
CRITICAL - 2024-07-10 20:00:32 --> Table 'taxation.services' doesn't exist
in SYSTEMPATH\Database\BaseConnection.php on line 646.
 1 SYSTEMPATH\Database\BaseBuilder.php(1615): CodeIgniter\Database\BaseConnection->query('SELECT `id`, `name`, `slug`
FROM `services`', [], false)
 2 SYSTEMPATH\Model.php(237): CodeIgniter\Database\BaseBuilder->get()
 3 SYSTEMPATH\BaseModel.php(624): CodeIgniter\Model->doFindAll(0, 0)
 4 APPPATH\Models\ServiceModel.php(47): CodeIgniter\BaseModel->findAll()
 5 APPPATH\Controllers\Home.php(17): App\Models\ServiceModel->getServices()
 6 SYSTEMPATH\CodeIgniter.php(919): App\Controllers\Home->index()
 7 SYSTEMPATH\CodeIgniter.php(494): CodeIgniter\CodeIgniter->runController(Object(App\Controllers\Home))
 8 SYSTEMPATH\CodeIgniter.php(353): CodeIgniter\CodeIgniter->handleRequest(null, Object(Config\Cache), false)
 9 FCPATH\index.php(79): CodeIgniter\CodeIgniter->run()
CRITICAL - 2024-07-10 20:03:34 --> Undefined variable $serviceDetail
in APPPATH\Views\web\home.php on line 701.
 1 APPPATH\Views\web\home.php(701): CodeIgniter\Debug\Exceptions->errorHandler(2, 'Undefined variable $serviceDetail', 'D:\\Practice\\housefull24\\app\\Views\\web\\home.php', 701)
 2 SYSTEMPATH\View\View.php(226): include('D:\\Practice\\housefull24\\app\\Views\\web\\home.php')
 3 SYSTEMPATH\View\View.php(229): CodeIgniter\View\View->CodeIgniter\View\{closure}()
 4 SYSTEMPATH\Common.php(1188): CodeIgniter\View\View->render('web/home', [], true)
 5 APPPATH\Controllers\Home.php(15): view('web/home', [...])
 6 SYSTEMPATH\CodeIgniter.php(919): App\Controllers\Home->index()
 7 SYSTEMPATH\CodeIgniter.php(494): CodeIgniter\CodeIgniter->runController(Object(App\Controllers\Home))
 8 SYSTEMPATH\CodeIgniter.php(353): CodeIgniter\CodeIgniter->handleRequest(null, Object(Config\Cache), false)
 9 FCPATH\index.php(79): CodeIgniter\CodeIgniter->run()
INFO - 2024-07-10 20:16:30 --> Session: Class initialized using 'CodeIgniter\Session\Handlers\FileHandler' driver.
INFO - 2024-07-10 20:16:37 --> Session: Class initialized using 'CodeIgniter\Session\Handlers\FileHandler' driver.
INFO - 2024-07-10 20:16:37 --> Session: Class initialized using 'CodeIgniter\Session\Handlers\FileHandler' driver.
INFO - 2024-07-10 20:17:37 --> Session: Class initialized using 'CodeIgniter\Session\Handlers\FileHandler' driver.
INFO - 2024-07-10 20:23:13 --> Session: Class initialized using 'CodeIgniter\Session\Handlers\FileHandler' driver.
ERROR - 2024-07-10 20:23:13 --> mysqli_sql_exception: Table 'taxation.subservices' doesn't exist in D:\Practice\housefull24\system\Database\MySQLi\Connection.php:306
Stack trace:
#0 D:\Practice\housefull24\system\Database\MySQLi\Connection.php(306): mysqli->query('SELECT `id`, `s...', 0)
#1 D:\Practice\housefull24\system\Database\BaseConnection.php(692): CodeIgniter\Database\MySQLi\Connection->execute('SELECT `id`, `s...')
#2 D:\Practice\housefull24\system\Database\BaseConnection.php(606): CodeIgniter\Database\BaseConnection->simpleQuery('SELECT `id`, `s...')
#3 D:\Practice\housefull24\system\Database\BaseBuilder.php(1615): CodeIgniter\Database\BaseConnection->query('SELECT `id`, `s...', Array, false)
#4 D:\Practice\housefull24\system\Model.php(237): CodeIgniter\Database\BaseBuilder->get()
#5 D:\Practice\housefull24\system\BaseModel.php(624): CodeIgniter\Model->doFindAll(0, 0)
#6 D:\Practice\housefull24\app\Models\SubserviceModel.php(47): CodeIgniter\BaseModel->findAll()
#7 D:\Practice\housefull24\app\Controllers\AdminController\SubserviceController.php(14): App\Models\SubserviceModel->getSubServices()
#8 D:\Practice\housefull24\system\CodeIgniter.php(919): App\Controllers\AdminController\SubserviceController->index()
#9 D:\Practice\housefull24\system\CodeIgniter.php(494): CodeIgniter\CodeIgniter->runController(Object(App\Controllers\AdminController\SubserviceController))
#10 D:\Practice\housefull24\system\CodeIgniter.php(353): CodeIgniter\CodeIgniter->handleRequest(NULL, Object(Config\Cache), false)
#11 D:\Practice\housefull24\index.php(79): CodeIgniter\CodeIgniter->run()
#12 {main}
CRITICAL - 2024-07-10 20:23:13 --> Table 'taxation.subservices' doesn't exist
in SYSTEMPATH\Database\BaseConnection.php on line 646.
 1 SYSTEMPATH\Database\BaseBuilder.php(1615): CodeIgniter\Database\BaseConnection->query('SELECT `id`, `service_name`, `subservice_name`, `image`
FROM `subservices`', [], false)
 2 SYSTEMPATH\Model.php(237): CodeIgniter\Database\BaseBuilder->get()
 3 SYSTEMPATH\BaseModel.php(624): CodeIgniter\Model->doFindAll(0, 0)
 4 APPPATH\Models\SubserviceModel.php(47): CodeIgniter\BaseModel->findAll()
 5 APPPATH\Controllers\AdminController\SubserviceController.php(14): App\Models\SubserviceModel->getSubServices()
 6 SYSTEMPATH\CodeIgniter.php(919): App\Controllers\AdminController\SubserviceController->index()
 7 SYSTEMPATH\CodeIgniter.php(494): CodeIgniter\CodeIgniter->runController(Object(App\Controllers\AdminController\SubserviceController))
 8 SYSTEMPATH\CodeIgniter.php(353): CodeIgniter\CodeIgniter->handleRequest(null, Object(Config\Cache), false)
 9 FCPATH\index.php(79): CodeIgniter\CodeIgniter->run()
INFO - 2024-07-10 20:23:15 --> Session: Class initialized using 'CodeIgniter\Session\Handlers\FileHandler' driver.
INFO - 2024-07-10 20:26:15 --> Session: Class initialized using 'CodeIgniter\Session\Handlers\FileHandler' driver.
INFO - 2024-07-10 20:26:18 --> Session: Class initialized using 'CodeIgniter\Session\Handlers\FileHandler' driver.
ERROR - 2024-07-10 20:26:19 --> mysqli_sql_exception: Table 'taxation.services' doesn't exist in D:\Practice\housefull24\system\Database\MySQLi\Connection.php:306
Stack trace:
#0 D:\Practice\housefull24\system\Database\MySQLi\Connection.php(306): mysqli->query('SELECT `id`, `n...', 0)
#1 D:\Practice\housefull24\system\Database\BaseConnection.php(692): CodeIgniter\Database\MySQLi\Connection->execute('SELECT `id`, `n...')
#2 D:\Practice\housefull24\system\Database\BaseConnection.php(606): CodeIgniter\Database\BaseConnection->simpleQuery('SELECT `id`, `n...')
#3 D:\Practice\housefull24\system\Database\BaseBuilder.php(1615): CodeIgniter\Database\BaseConnection->query('SELECT `id`, `n...', Array, false)
#4 D:\Practice\housefull24\system\Model.php(237): CodeIgniter\Database\BaseBuilder->get()
#5 D:\Practice\housefull24\system\BaseModel.php(624): CodeIgniter\Model->doFindAll(0, 0)
#6 D:\Practice\housefull24\app\Models\ServiceModel.php(47): CodeIgniter\BaseModel->findAll()
#7 D:\Practice\housefull24\app\Controllers\AdminController\CityDataController.php(13): App\Models\ServiceModel->getServices()
#8 D:\Practice\housefull24\system\CodeIgniter.php(919): App\Controllers\AdminController\CityDataController->index()
#9 D:\Practice\housefull24\system\CodeIgniter.php(494): CodeIgniter\CodeIgniter->runController(Object(App\Controllers\AdminController\CityDataController))
#10 D:\Practice\housefull24\system\CodeIgniter.php(353): CodeIgniter\CodeIgniter->handleRequest(NULL, Object(Config\Cache), false)
#11 D:\Practice\housefull24\index.php(79): CodeIgniter\CodeIgniter->run()
#12 {main}
CRITICAL - 2024-07-10 20:26:19 --> Table 'taxation.services' doesn't exist
in SYSTEMPATH\Database\BaseConnection.php on line 646.
 1 SYSTEMPATH\Database\BaseBuilder.php(1615): CodeIgniter\Database\BaseConnection->query('SELECT `id`, `name`, `slug`
FROM `services`', [], false)
 2 SYSTEMPATH\Model.php(237): CodeIgniter\Database\BaseBuilder->get()
 3 SYSTEMPATH\BaseModel.php(624): CodeIgniter\Model->doFindAll(0, 0)
 4 APPPATH\Models\ServiceModel.php(47): CodeIgniter\BaseModel->findAll()
 5 APPPATH\Controllers\AdminController\CityDataController.php(13): App\Models\ServiceModel->getServices()
 6 SYSTEMPATH\CodeIgniter.php(919): App\Controllers\AdminController\CityDataController->index()
 7 SYSTEMPATH\CodeIgniter.php(494): CodeIgniter\CodeIgniter->runController(Object(App\Controllers\AdminController\CityDataController))
 8 SYSTEMPATH\CodeIgniter.php(353): CodeIgniter\CodeIgniter->handleRequest(null, Object(Config\Cache), false)
 9 FCPATH\index.php(79): CodeIgniter\CodeIgniter->run()
INFO - 2024-07-10 20:26:40 --> Session: Class initialized using 'CodeIgniter\Session\Handlers\FileHandler' driver.
CRITICAL - 2024-07-10 20:26:40 --> Invalid file: "admin/services/index.php"
in SYSTEMPATH\Exceptions\FrameworkException.php on line 39.
 1 SYSTEMPATH\View\View.php(214): CodeIgniter\Exceptions\FrameworkException::forInvalidFile('admin/services/index.php')
 2 SYSTEMPATH\Common.php(1188): CodeIgniter\View\View->render('admin/services/index', [], true)
 3 APPPATH\Controllers\AdminController\CityDataController.php(13): view('admin/services/index')
 4 SYSTEMPATH\CodeIgniter.php(919): App\Controllers\AdminController\CityDataController->index()
 5 SYSTEMPATH\CodeIgniter.php(494): CodeIgniter\CodeIgniter->runController(Object(App\Controllers\AdminController\CityDataController))
 6 SYSTEMPATH\CodeIgniter.php(353): CodeIgniter\CodeIgniter->handleRequest(null, Object(Config\Cache), false)
 7 FCPATH\index.php(79): CodeIgniter\CodeIgniter->run()
INFO - 2024-07-10 20:31:37 --> Session: Class initialized using 'CodeIgniter\Session\Handlers\FileHandler' driver.
INFO - 2024-07-10 20:31:56 --> Session: Class initialized using 'CodeIgniter\Session\Handlers\FileHandler' driver.
INFO - 2024-07-10 20:33:36 --> Session: Class initialized using 'CodeIgniter\Session\Handlers\FileHandler' driver.
CRITICAL - 2024-07-10 20:33:36 --> Class "App\Models\ServiceModel" not found
in APPPATH\Controllers\AdminController\SubserviceController.php on line 28.
 1 SYSTEMPATH\CodeIgniter.php(919): App\Controllers\AdminController\SubserviceController->create()
 2 SYSTEMPATH\CodeIgniter.php(494): CodeIgniter\CodeIgniter->runController(Object(App\Controllers\AdminController\SubserviceController))
 3 SYSTEMPATH\CodeIgniter.php(353): CodeIgniter\CodeIgniter->handleRequest(null, Object(Config\Cache), false)
 4 FCPATH\index.php(79): CodeIgniter\CodeIgniter->run()
INFO - 2024-07-10 20:34:30 --> Session: Class initialized using 'CodeIgniter\Session\Handlers\FileHandler' driver.
CRITICAL - 2024-07-10 20:34:30 --> Class "App\Models\ServiceModel" not found
in APPPATH\Controllers\AdminController\SubserviceController.php on line 28.
 1 SYSTEMPATH\CodeIgniter.php(919): App\Controllers\AdminController\SubserviceController->create()
 2 SYSTEMPATH\CodeIgniter.php(494): CodeIgniter\CodeIgniter->runController(Object(App\Controllers\AdminController\SubserviceController))
 3 SYSTEMPATH\CodeIgniter.php(353): CodeIgniter\CodeIgniter->handleRequest(null, Object(Config\Cache), false)
 4 FCPATH\index.php(79): CodeIgniter\CodeIgniter->run()
INFO - 2024-07-10 20:34:32 --> Session: Class initialized using 'CodeIgniter\Session\Handlers\FileHandler' driver.
CRITICAL - 2024-07-10 20:34:32 --> Class "App\Models\ServiceModel" not found
in APPPATH\Controllers\AdminController\SubserviceController.php on line 28.
 1 SYSTEMPATH\CodeIgniter.php(919): App\Controllers\AdminController\SubserviceController->create()
 2 SYSTEMPATH\CodeIgniter.php(494): CodeIgniter\CodeIgniter->runController(Object(App\Controllers\AdminController\SubserviceController))
 3 SYSTEMPATH\CodeIgniter.php(353): CodeIgniter\CodeIgniter->handleRequest(null, Object(Config\Cache), false)
 4 FCPATH\index.php(79): CodeIgniter\CodeIgniter->run()
INFO - 2024-07-10 20:34:52 --> Session: Class initialized using 'CodeIgniter\Session\Handlers\FileHandler' driver.
INFO - 2024-07-10 20:34:56 --> Session: Class initialized using 'CodeIgniter\Session\Handlers\FileHandler' driver.
CRITICAL - 2024-07-10 20:34:56 --> Invalid file: "admin/services/create.php"
in SYSTEMPATH\Exceptions\FrameworkException.php on line 39.
 1 SYSTEMPATH\View\View.php(214): CodeIgniter\Exceptions\FrameworkException::forInvalidFile('admin/services/create.php')
 2 SYSTEMPATH\Common.php(1188): CodeIgniter\View\View->render('admin/services/create', [], true)
 3 APPPATH\Controllers\AdminController\CityDataController.php(23): view('admin/services/create')
 4 SYSTEMPATH\CodeIgniter.php(919): App\Controllers\AdminController\CityDataController->create()
 5 SYSTEMPATH\CodeIgniter.php(494): CodeIgniter\CodeIgniter->runController(Object(App\Controllers\AdminController\CityDataController))
 6 SYSTEMPATH\CodeIgniter.php(353): CodeIgniter\CodeIgniter->handleRequest(null, Object(Config\Cache), false)
 7 FCPATH\index.php(79): CodeIgniter\CodeIgniter->run()
INFO - 2024-07-10 20:36:59 --> Session: Class initialized using 'CodeIgniter\Session\Handlers\FileHandler' driver.
CRITICAL - 2024-07-10 20:36:59 --> Undefined variable $services
in APPPATH\Views\admin\city_wise_data\create.php on line 23.
 1 APPPATH\Views\admin\city_wise_data\create.php(23): CodeIgniter\Debug\Exceptions->errorHandler(2, 'Undefined variable $services', 'D:\\Practice\\housefull24\\app\\Views\\admin\\city_wise_data\\create.php', 23)
 2 SYSTEMPATH\View\View.php(226): include('D:\\Practice\\housefull24\\app\\Views\\admin\\city_wise_data\\create.php')
 3 SYSTEMPATH\View\View.php(229): CodeIgniter\View\View->CodeIgniter\View\{closure}()
 4 SYSTEMPATH\Common.php(1188): CodeIgniter\View\View->render('admin/city_wise_data/create', [], true)
 5 APPPATH\Controllers\AdminController\CityDataController.php(23): view('admin/city_wise_data/create')
 6 SYSTEMPATH\CodeIgniter.php(919): App\Controllers\AdminController\CityDataController->create()
 7 SYSTEMPATH\CodeIgniter.php(494): CodeIgniter\CodeIgniter->runController(Object(App\Controllers\AdminController\CityDataController))
 8 SYSTEMPATH\CodeIgniter.php(353): CodeIgniter\CodeIgniter->handleRequest(null, Object(Config\Cache), false)
 9 FCPATH\index.php(79): CodeIgniter\CodeIgniter->run()
INFO - 2024-07-10 20:39:29 --> Session: Class initialized using 'CodeIgniter\Session\Handlers\FileHandler' driver.
INFO - 2024-07-10 20:40:02 --> Session: Class initialized using 'CodeIgniter\Session\Handlers\FileHandler' driver.
INFO - 2024-07-10 20:41:08 --> Session: Class initialized using 'CodeIgniter\Session\Handlers\FileHandler' driver.
INFO - 2024-07-10 20:43:05 --> Session: Class initialized using 'CodeIgniter\Session\Handlers\FileHandler' driver.
INFO - 2024-07-10 20:44:38 --> Session: Class initialized using 'CodeIgniter\Session\Handlers\FileHandler' driver.
CRITICAL - 2024-07-10 20:44:38 --> syntax error, unexpected single-quoted string "details", expecting "]"
in APPPATH\Controllers\AdminController\CityDataController.php on line 36.
 1 SYSTEMPATH\Autoloader\Autoloader.php(285): CodeIgniter\Autoloader\Autoloader->includeFile('D:\\Practice\\housefull24\\app\\Controllers\\AdminController\\CityDataController.php')
 2 SYSTEMPATH\Autoloader\Autoloader.php(263): CodeIgniter\Autoloader\Autoloader->loadInNamespace('App\\Controllers\\AdminController\\CityDataController')
 3 [internal function]: CodeIgniter\Autoloader\Autoloader->loadClass('App\\Controllers\\AdminController\\CityDataController')
 4 SYSTEMPATH\CodeIgniter.php(877): class_exists('\\App\\Controllers\\AdminController\\CityDataController', true)
 5 SYSTEMPATH\CodeIgniter.php(481): CodeIgniter\CodeIgniter->startController()
 6 SYSTEMPATH\CodeIgniter.php(353): CodeIgniter\CodeIgniter->handleRequest(null, Object(Config\Cache), false)
 7 FCPATH\index.php(79): CodeIgniter\CodeIgniter->run()
INFO - 2024-07-10 20:44:47 --> Session: Class initialized using 'CodeIgniter\Session\Handlers\FileHandler' driver.
INFO - 2024-07-10 20:45:03 --> Session: Class initialized using 'CodeIgniter\Session\Handlers\FileHandler' driver.
INFO - 2024-07-10 20:57:04 --> Session: Class initialized using 'CodeIgniter\Session\Handlers\FileHandler' driver.
CRITICAL - 2024-07-10 20:57:04 --> "permmit_empty" is not a valid rule.
in SYSTEMPATH\Validation\Validation.php on line 317.
 1 SYSTEMPATH\Validation\Validation.php(317): CodeIgniter\Validation\Exceptions\ValidationException::forRuleNotFound('permmit_empty')
 2 SYSTEMPATH\Validation\Validation.php(195): CodeIgniter\Validation\Validation->processRules('details', 'details', '<p>Lorem</p>
', [...], [...])
 3 SYSTEMPATH\Controller.php(150): CodeIgniter\Validation\Validation->run()
 4 APPPATH\Controllers\AdminController\CityDataController.php(32): CodeIgniter\Controller->validate([...], [...])
 5 SYSTEMPATH\CodeIgniter.php(919): App\Controllers\AdminController\CityDataController->create()
 6 SYSTEMPATH\CodeIgniter.php(494): CodeIgniter\CodeIgniter->runController(Object(App\Controllers\AdminController\CityDataController))
 7 SYSTEMPATH\CodeIgniter.php(353): CodeIgniter\CodeIgniter->handleRequest(null, Object(Config\Cache), false)
 8 FCPATH\index.php(79): CodeIgniter\CodeIgniter->run()
INFO - 2024-07-10 20:57:15 --> Session: Class initialized using 'CodeIgniter\Session\Handlers\FileHandler' driver.
INFO - 2024-07-10 20:57:15 --> Session: Class initialized using 'CodeIgniter\Session\Handlers\FileHandler' driver.
INFO - 2024-07-10 20:57:29 --> Session: Class initialized using 'CodeIgniter\Session\Handlers\FileHandler' driver.
CRITICAL - 2024-07-10 20:57:29 --> Undefined variable $file
in APPPATH\Controllers\AdminController\CityDataController.php on line 63.
 1 APPPATH\Controllers\AdminController\CityDataController.php(63): CodeIgniter\Debug\Exceptions->errorHandler(2, 'Undefined variable $file', 'D:\\Practice\\housefull24\\app\\Controllers\\AdminController\\CityDataController.php', 63)
 2 SYSTEMPATH\CodeIgniter.php(919): App\Controllers\AdminController\CityDataController->create()
 3 SYSTEMPATH\CodeIgniter.php(494): CodeIgniter\CodeIgniter->runController(Object(App\Controllers\AdminController\CityDataController))
 4 SYSTEMPATH\CodeIgniter.php(353): CodeIgniter\CodeIgniter->handleRequest(null, Object(Config\Cache), false)
 5 FCPATH\index.php(79): CodeIgniter\CodeIgniter->run()
INFO - 2024-07-10 20:58:15 --> Session: Class initialized using 'CodeIgniter\Session\Handlers\FileHandler' driver.
CRITICAL - 2024-07-10 20:58:15 --> Undefined variable $subServiceModel
in APPPATH\Controllers\AdminController\CityDataController.php on line 93.
 1 APPPATH\Controllers\AdminController\CityDataController.php(93): CodeIgniter\Debug\Exceptions->errorHandler(2, 'Undefined variable $subServiceModel', 'D:\\Practice\\housefull24\\app\\Controllers\\AdminController\\CityDataController.php', 93)
 2 SYSTEMPATH\CodeIgniter.php(919): App\Controllers\AdminController\CityDataController->create()
 3 SYSTEMPATH\CodeIgniter.php(494): CodeIgniter\CodeIgniter->runController(Object(App\Controllers\AdminController\CityDataController))
 4 SYSTEMPATH\CodeIgniter.php(353): CodeIgniter\CodeIgniter->handleRequest(null, Object(Config\Cache), false)
 5 FCPATH\index.php(79): CodeIgniter\CodeIgniter->run()
INFO - 2024-07-10 20:58:41 --> Session: Class initialized using 'CodeIgniter\Session\Handlers\FileHandler' driver.
INFO - 2024-07-10 20:58:42 --> Session: Class initialized using 'CodeIgniter\Session\Handlers\FileHandler' driver.
CRITICAL - 2024-07-10 20:58:42 --> Undefined array key "state"
in APPPATH\Views\admin\city_wise_data\index.php on line 34.
 1 APPPATH\Views\admin\city_wise_data\index.php(34): CodeIgniter\Debug\Exceptions->errorHandler(2, 'Undefined array key "state"', 'D:\\Practice\\housefull24\\app\\Views\\admin\\city_wise_data\\index.php', 34)
 2 SYSTEMPATH\View\View.php(226): include('D:\\Practice\\housefull24\\app\\Views\\admin\\city_wise_data\\index.php')
 3 SYSTEMPATH\View\View.php(229): CodeIgniter\View\View->CodeIgniter\View\{closure}()
 4 SYSTEMPATH\Common.php(1188): CodeIgniter\View\View->render('admin/city_wise_data/index', [], true)
 5 APPPATH\Controllers\AdminController\CityDataController.php(16): view('admin/city_wise_data/index', [...])
 6 SYSTEMPATH\CodeIgniter.php(919): App\Controllers\AdminController\CityDataController->index()
 7 SYSTEMPATH\CodeIgniter.php(494): CodeIgniter\CodeIgniter->runController(Object(App\Controllers\AdminController\CityDataController))
 8 SYSTEMPATH\CodeIgniter.php(353): CodeIgniter\CodeIgniter->handleRequest(null, Object(Config\Cache), false)
 9 FCPATH\index.php(79): CodeIgniter\CodeIgniter->run()
INFO - 2024-07-10 20:59:38 --> Session: Class initialized using 'CodeIgniter\Session\Handlers\FileHandler' driver.
CRITICAL - 2024-07-10 20:59:38 --> Undefined array key "service_name"
in APPPATH\Views\admin\city_wise_data\index.php on line 38.
 1 APPPATH\Views\admin\city_wise_data\index.php(38): CodeIgniter\Debug\Exceptions->errorHandler(2, 'Undefined array key "service_name"', 'D:\\Practice\\housefull24\\app\\Views\\admin\\city_wise_data\\index.php', 38)
 2 SYSTEMPATH\View\View.php(226): include('D:\\Practice\\housefull24\\app\\Views\\admin\\city_wise_data\\index.php')
 3 SYSTEMPATH\View\View.php(229): CodeIgniter\View\View->CodeIgniter\View\{closure}()
 4 SYSTEMPATH\Common.php(1188): CodeIgniter\View\View->render('admin/city_wise_data/index', [], true)
 5 APPPATH\Controllers\AdminController\CityDataController.php(16): view('admin/city_wise_data/index', [...])
 6 SYSTEMPATH\CodeIgniter.php(919): App\Controllers\AdminController\CityDataController->index()
 7 SYSTEMPATH\CodeIgniter.php(494): CodeIgniter\CodeIgniter->runController(Object(App\Controllers\AdminController\CityDataController))
 8 SYSTEMPATH\CodeIgniter.php(353): CodeIgniter\CodeIgniter->handleRequest(null, Object(Config\Cache), false)
 9 FCPATH\index.php(79): CodeIgniter\CodeIgniter->run()
INFO - 2024-07-10 21:00:14 --> Session: Class initialized using 'CodeIgniter\Session\Handlers\FileHandler' driver.
INFO - 2024-07-10 21:00:48 --> Session: Class initialized using 'CodeIgniter\Session\Handlers\FileHandler' driver.
INFO - 2024-07-10 21:02:42 --> Session: Class initialized using 'CodeIgniter\Session\Handlers\FileHandler' driver.
INFO - 2024-07-10 21:02:44 --> Session: Class initialized using 'CodeIgniter\Session\Handlers\FileHandler' driver.
INFO - 2024-07-10 21:02:46 --> Session: Class initialized using 'CodeIgniter\Session\Handlers\FileHandler' driver.
INFO - 2024-07-10 21:02:52 --> Session: Class initialized using 'CodeIgniter\Session\Handlers\FileHandler' driver.
INFO - 2024-07-10 21:03:13 --> Session: Class initialized using 'CodeIgniter\Session\Handlers\FileHandler' driver.
INFO - 2024-07-10 21:03:22 --> Session: Class initialized using 'CodeIgniter\Session\Handlers\FileHandler' driver.
INFO - 2024-07-10 21:03:22 --> Session: Class initialized using 'CodeIgniter\Session\Handlers\FileHandler' driver.
INFO - 2024-07-10 21:03:26 --> Session: Class initialized using 'CodeIgniter\Session\Handlers\FileHandler' driver.
