CRITICAL - 2024-07-18 19:06:30 --> Undefined array key "place_name"
in APPPATH/Views/web/document.php on line 8.
 1 APPPATH/Views/web/document.php(8): CodeIgniter\Debug\Exceptions->errorHandler()
 2 SYSTEMPATH/View/View.php(226): include('/home/u264005335/domains/goldenfocusphotography.in/public_html/housefull24/app/Views/web/document.php')
 3 SYSTEMPATH/View/View.php(229): CodeIgniter\View\View->CodeIgniter\View\{closure}()
 4 SYSTEMPATH/Common.php(1188): CodeIgniter\View\View->render()
 5 APPPATH/Controllers/Home.php(44): view()
 6 SYSTEMPATH/CodeIgniter.php(919): App\Controllers\Home->docData()
 7 SYSTEMPATH/CodeIgniter.php(494): CodeIgniter\CodeIgniter->runController()
 8 SYSTEMPATH/CodeIgniter.php(353): CodeIgniter\CodeIgniter->handleRequest()
 9 FCPATH/index.php(79): CodeIgniter\CodeIgniter->run()
CRITICAL - 2024-07-18 19:06:33 --> Undefined array key "place_name"
in APPPATH/Views/web/document.php on line 8.
 1 APPPATH/Views/web/document.php(8): CodeIgniter\Debug\Exceptions->errorHandler()
 2 SYSTEMPATH/View/View.php(226): include('/home/u264005335/domains/goldenfocusphotography.in/public_html/housefull24/app/Views/web/document.php')
 3 SYSTEMPATH/View/View.php(229): CodeIgniter\View\View->CodeIgniter\View\{closure}()
 4 SYSTEMPATH/Common.php(1188): CodeIgniter\View\View->render()
 5 APPPATH/Controllers/Home.php(44): view()
 6 SYSTEMPATH/CodeIgniter.php(919): App\Controllers\Home->docData()
 7 SYSTEMPATH/CodeIgniter.php(494): CodeIgniter\CodeIgniter->runController()
 8 SYSTEMPATH/CodeIgniter.php(353): CodeIgniter\CodeIgniter->handleRequest()
 9 FCPATH/index.php(79): CodeIgniter\CodeIgniter->run()
CRITICAL - 2024-07-18 19:06:36 --> Undefined array key "place_name"
in APPPATH/Views/web/document.php on line 8.
 1 APPPATH/Views/web/document.php(8): CodeIgniter\Debug\Exceptions->errorHandler()
 2 SYSTEMPATH/View/View.php(226): include('/home/u264005335/domains/goldenfocusphotography.in/public_html/housefull24/app/Views/web/document.php')
 3 SYSTEMPATH/View/View.php(229): CodeIgniter\View\View->CodeIgniter\View\{closure}()
 4 SYSTEMPATH/Common.php(1188): CodeIgniter\View\View->render()
 5 APPPATH/Controllers/Home.php(44): view()
 6 SYSTEMPATH/CodeIgniter.php(919): App\Controllers\Home->docData()
 7 SYSTEMPATH/CodeIgniter.php(494): CodeIgniter\CodeIgniter->runController()
 8 SYSTEMPATH/CodeIgniter.php(353): CodeIgniter\CodeIgniter->handleRequest()
 9 FCPATH/index.php(79): CodeIgniter\CodeIgniter->run()
CRITICAL - 2024-07-18 19:06:47 --> Undefined array key "place_name"
in APPPATH/Views/web/document.php on line 8.
 1 APPPATH/Views/web/document.php(8): CodeIgniter\Debug\Exceptions->errorHandler()
 2 SYSTEMPATH/View/View.php(226): include('/home/u264005335/domains/goldenfocusphotography.in/public_html/housefull24/app/Views/web/document.php')
 3 SYSTEMPATH/View/View.php(229): CodeIgniter\View\View->CodeIgniter\View\{closure}()
 4 SYSTEMPATH/Common.php(1188): CodeIgniter\View\View->render()
 5 APPPATH/Controllers/Home.php(44): view()
 6 SYSTEMPATH/CodeIgniter.php(919): App\Controllers\Home->docData()
 7 SYSTEMPATH/CodeIgniter.php(494): CodeIgniter\CodeIgniter->runController()
 8 SYSTEMPATH/CodeIgniter.php(353): CodeIgniter\CodeIgniter->handleRequest()
 9 FCPATH/index.php(79): CodeIgniter\CodeIgniter->run()
CRITICAL - 2024-07-18 19:06:49 --> Undefined array key "place_name"
in APPPATH/Views/web/document.php on line 8.
 1 APPPATH/Views/web/document.php(8): CodeIgniter\Debug\Exceptions->errorHandler()
 2 SYSTEMPATH/View/View.php(226): include('/home/u264005335/domains/goldenfocusphotography.in/public_html/housefull24/app/Views/web/document.php')
 3 SYSTEMPATH/View/View.php(229): CodeIgniter\View\View->CodeIgniter\View\{closure}()
 4 SYSTEMPATH/Common.php(1188): CodeIgniter\View\View->render()
 5 APPPATH/Controllers/Home.php(44): view()
 6 SYSTEMPATH/CodeIgniter.php(919): App\Controllers\Home->docData()
 7 SYSTEMPATH/CodeIgniter.php(494): CodeIgniter\CodeIgniter->runController()
 8 SYSTEMPATH/CodeIgniter.php(353): CodeIgniter\CodeIgniter->handleRequest()
 9 FCPATH/index.php(79): CodeIgniter\CodeIgniter->run()
CRITICAL - 2024-07-18 19:06:53 --> Undefined array key "place_name"
in APPPATH/Views/web/document.php on line 8.
 1 APPPATH/Views/web/document.php(8): CodeIgniter\Debug\Exceptions->errorHandler()
 2 SYSTEMPATH/View/View.php(226): include('/home/u264005335/domains/goldenfocusphotography.in/public_html/housefull24/app/Views/web/document.php')
 3 SYSTEMPATH/View/View.php(229): CodeIgniter\View\View->CodeIgniter\View\{closure}()
 4 SYSTEMPATH/Common.php(1188): CodeIgniter\View\View->render()
 5 APPPATH/Controllers/Home.php(44): view()
 6 SYSTEMPATH/CodeIgniter.php(919): App\Controllers\Home->docData()
 7 SYSTEMPATH/CodeIgniter.php(494): CodeIgniter\CodeIgniter->runController()
 8 SYSTEMPATH/CodeIgniter.php(353): CodeIgniter\CodeIgniter->handleRequest()
 9 FCPATH/index.php(79): CodeIgniter\CodeIgniter->run()
CRITICAL - 2024-07-18 19:07:02 --> Undefined array key "place_name"
in APPPATH/Views/web/document.php on line 8.
 1 APPPATH/Views/web/document.php(8): CodeIgniter\Debug\Exceptions->errorHandler()
 2 SYSTEMPATH/View/View.php(226): include('/home/u264005335/domains/goldenfocusphotography.in/public_html/housefull24/app/Views/web/document.php')
 3 SYSTEMPATH/View/View.php(229): CodeIgniter\View\View->CodeIgniter\View\{closure}()
 4 SYSTEMPATH/Common.php(1188): CodeIgniter\View\View->render()
 5 APPPATH/Controllers/Home.php(44): view()
 6 SYSTEMPATH/CodeIgniter.php(919): App\Controllers\Home->docData()
 7 SYSTEMPATH/CodeIgniter.php(494): CodeIgniter\CodeIgniter->runController()
 8 SYSTEMPATH/CodeIgniter.php(353): CodeIgniter\CodeIgniter->handleRequest()
 9 FCPATH/index.php(79): CodeIgniter\CodeIgniter->run()
CRITICAL - 2024-07-18 19:07:16 --> Undefined array key "place_name"
in APPPATH/Views/web/document.php on line 8.
 1 APPPATH/Views/web/document.php(8): CodeIgniter\Debug\Exceptions->errorHandler()
 2 SYSTEMPATH/View/View.php(226): include('/home/u264005335/domains/goldenfocusphotography.in/public_html/housefull24/app/Views/web/document.php')
 3 SYSTEMPATH/View/View.php(229): CodeIgniter\View\View->CodeIgniter\View\{closure}()
 4 SYSTEMPATH/Common.php(1188): CodeIgniter\View\View->render()
 5 APPPATH/Controllers/Home.php(44): view()
 6 SYSTEMPATH/CodeIgniter.php(919): App\Controllers\Home->docData()
 7 SYSTEMPATH/CodeIgniter.php(494): CodeIgniter\CodeIgniter->runController()
 8 SYSTEMPATH/CodeIgniter.php(353): CodeIgniter\CodeIgniter->handleRequest()
 9 FCPATH/index.php(79): CodeIgniter\CodeIgniter->run()
CRITICAL - 2024-07-18 19:07:42 --> Undefined array key "place_name"
in APPPATH/Views/web/document.php on line 8.
 1 APPPATH/Views/web/document.php(8): CodeIgniter\Debug\Exceptions->errorHandler()
 2 SYSTEMPATH/View/View.php(226): include('/home/u264005335/domains/goldenfocusphotography.in/public_html/housefull24/app/Views/web/document.php')
 3 SYSTEMPATH/View/View.php(229): CodeIgniter\View\View->CodeIgniter\View\{closure}()
 4 SYSTEMPATH/Common.php(1188): CodeIgniter\View\View->render()
 5 APPPATH/Controllers/Home.php(44): view()
 6 SYSTEMPATH/CodeIgniter.php(919): App\Controllers\Home->docData()
 7 SYSTEMPATH/CodeIgniter.php(494): CodeIgniter\CodeIgniter->runController()
 8 SYSTEMPATH/CodeIgniter.php(353): CodeIgniter\CodeIgniter->handleRequest()
 9 FCPATH/index.php(79): CodeIgniter\CodeIgniter->run()
CRITICAL - 2024-07-18 19:07:49 --> Undefined array key "place_name"
in APPPATH/Views/web/document.php on line 8.
 1 APPPATH/Views/web/document.php(8): CodeIgniter\Debug\Exceptions->errorHandler()
 2 SYSTEMPATH/View/View.php(226): include('/home/u264005335/domains/goldenfocusphotography.in/public_html/housefull24/app/Views/web/document.php')
 3 SYSTEMPATH/View/View.php(229): CodeIgniter\View\View->CodeIgniter\View\{closure}()
 4 SYSTEMPATH/Common.php(1188): CodeIgniter\View\View->render()
 5 APPPATH/Controllers/Home.php(44): view()
 6 SYSTEMPATH/CodeIgniter.php(919): App\Controllers\Home->docData()
 7 SYSTEMPATH/CodeIgniter.php(494): CodeIgniter\CodeIgniter->runController()
 8 SYSTEMPATH/CodeIgniter.php(353): CodeIgniter\CodeIgniter->handleRequest()
 9 FCPATH/index.php(79): CodeIgniter\CodeIgniter->run()
CRITICAL - 2024-07-18 19:08:08 --> Undefined array key "place_name"
in APPPATH/Views/web/document.php on line 8.
 1 APPPATH/Views/web/document.php(8): CodeIgniter\Debug\Exceptions->errorHandler()
 2 SYSTEMPATH/View/View.php(226): include('/home/u264005335/domains/goldenfocusphotography.in/public_html/housefull24/app/Views/web/document.php')
 3 SYSTEMPATH/View/View.php(229): CodeIgniter\View\View->CodeIgniter\View\{closure}()
 4 SYSTEMPATH/Common.php(1188): CodeIgniter\View\View->render()
 5 APPPATH/Controllers/Home.php(44): view()
 6 SYSTEMPATH/CodeIgniter.php(919): App\Controllers\Home->docData()
 7 SYSTEMPATH/CodeIgniter.php(494): CodeIgniter\CodeIgniter->runController()
 8 SYSTEMPATH/CodeIgniter.php(353): CodeIgniter\CodeIgniter->handleRequest()
 9 FCPATH/index.php(79): CodeIgniter\CodeIgniter->run()
CRITICAL - 2024-07-18 19:08:16 --> Undefined array key "place_name"
in APPPATH/Views/web/document.php on line 8.
 1 APPPATH/Views/web/document.php(8): CodeIgniter\Debug\Exceptions->errorHandler()
 2 SYSTEMPATH/View/View.php(226): include('/home/u264005335/domains/goldenfocusphotography.in/public_html/housefull24/app/Views/web/document.php')
 3 SYSTEMPATH/View/View.php(229): CodeIgniter\View\View->CodeIgniter\View\{closure}()
 4 SYSTEMPATH/Common.php(1188): CodeIgniter\View\View->render()
 5 APPPATH/Controllers/Home.php(44): view()
 6 SYSTEMPATH/CodeIgniter.php(919): App\Controllers\Home->docData()
 7 SYSTEMPATH/CodeIgniter.php(494): CodeIgniter\CodeIgniter->runController()
 8 SYSTEMPATH/CodeIgniter.php(353): CodeIgniter\CodeIgniter->handleRequest()
 9 FCPATH/index.php(79): CodeIgniter\CodeIgniter->run()
CRITICAL - 2024-07-18 19:08:25 --> Undefined array key "place_name"
in APPPATH/Views/web/document.php on line 8.
 1 APPPATH/Views/web/document.php(8): CodeIgniter\Debug\Exceptions->errorHandler()
 2 SYSTEMPATH/View/View.php(226): include('/home/u264005335/domains/goldenfocusphotography.in/public_html/housefull24/app/Views/web/document.php')
 3 SYSTEMPATH/View/View.php(229): CodeIgniter\View\View->CodeIgniter\View\{closure}()
 4 SYSTEMPATH/Common.php(1188): CodeIgniter\View\View->render()
 5 APPPATH/Controllers/Home.php(44): view()
 6 SYSTEMPATH/CodeIgniter.php(919): App\Controllers\Home->docData()
 7 SYSTEMPATH/CodeIgniter.php(494): CodeIgniter\CodeIgniter->runController()
 8 SYSTEMPATH/CodeIgniter.php(353): CodeIgniter\CodeIgniter->handleRequest()
 9 FCPATH/index.php(79): CodeIgniter\CodeIgniter->run()
