INFO - 2024-11-05 18:47:02 --> Session: Class initialized using 'CodeIgniter\Session\Handlers\FileHandler' driver.
INFO - 2024-11-05 18:47:09 --> Session: Class initialized using 'CodeIgniter\Session\Handlers\FileHandler' driver.
INFO - 2024-11-05 18:47:09 --> Session: Class initialized using 'CodeIgniter\Session\Handlers\FileHandler' driver.
INFO - 2024-11-05 18:49:57 --> Session: Class initialized using 'CodeIgniter\Session\Handlers\FileHandler' driver.
INFO - 2024-11-05 18:51:33 --> Session: Class initialized using 'CodeIgniter\Session\Handlers\FileHandler' driver.
INFO - 2024-11-05 18:55:21 --> Session: Class initialized using 'CodeIgniter\Session\Handlers\FileHandler' driver.
INFO - 2024-11-05 18:55:24 --> Session: Class initialized using 'CodeIgniter\Session\Handlers\FileHandler' driver.
CRITICAL - 2024-11-05 18:55:24 --> Undefined variable $data
in APPPATH\Views\admin\places\index.php on line 28.
 1 APPPATH\Views\admin\places\index.php(28): CodeIgniter\Debug\Exceptions->errorHandler(2, 'Undefined variable $data', 'D:\\Projects\\housefull\\app\\Views\\admin\\places\\index.php', 28)
 2 SYSTEMPATH\View\View.php(226): include('D:\\Projects\\housefull\\app\\Views\\admin\\places\\index.php')
 3 SYSTEMPATH\View\View.php(229): CodeIgniter\View\View->CodeIgniter\View\{closure}()
 4 SYSTEMPATH\Common.php(1188): CodeIgniter\View\View->render('admin/places/index', [], true)
 5 APPPATH\Controllers\AdminController\FolderController.php(20): view('admin/places/index')
 6 SYSTEMPATH\CodeIgniter.php(919): App\Controllers\AdminController\FolderController->index()
 7 SYSTEMPATH\CodeIgniter.php(494): CodeIgniter\CodeIgniter->runController(Object(App\Controllers\AdminController\FolderController))
 8 SYSTEMPATH\CodeIgniter.php(353): CodeIgniter\CodeIgniter->handleRequest(null, Object(Config\Cache), false)
 9 FCPATH\index.php(79): CodeIgniter\CodeIgniter->run()
INFO - 2024-11-05 18:57:23 --> Session: Class initialized using 'CodeIgniter\Session\Handlers\FileHandler' driver.
CRITICAL - 2024-11-05 18:57:23 --> Undefined variable $data
in APPPATH\Views\admin\folder\index.php on line 39.
 1 APPPATH\Views\admin\folder\index.php(39): CodeIgniter\Debug\Exceptions->errorHandler(2, 'Undefined variable $data', 'D:\\Projects\\housefull\\app\\Views\\admin\\folder\\index.php', 39)
 2 SYSTEMPATH\View\View.php(226): include('D:\\Projects\\housefull\\app\\Views\\admin\\folder\\index.php')
 3 SYSTEMPATH\View\View.php(229): CodeIgniter\View\View->CodeIgniter\View\{closure}()
 4 SYSTEMPATH\Common.php(1188): CodeIgniter\View\View->render('admin/folder/index', [], true)
 5 APPPATH\Controllers\AdminController\FolderController.php(20): view('admin/folder/index')
 6 SYSTEMPATH\CodeIgniter.php(919): App\Controllers\AdminController\FolderController->index()
 7 SYSTEMPATH\CodeIgniter.php(494): CodeIgniter\CodeIgniter->runController(Object(App\Controllers\AdminController\FolderController))
 8 SYSTEMPATH\CodeIgniter.php(353): CodeIgniter\CodeIgniter->handleRequest(null, Object(Config\Cache), false)
 9 FCPATH\index.php(79): CodeIgniter\CodeIgniter->run()
INFO - 2024-11-05 18:57:33 --> Session: Class initialized using 'CodeIgniter\Session\Handlers\FileHandler' driver.
INFO - 2024-11-05 18:57:38 --> Session: Class initialized using 'CodeIgniter\Session\Handlers\FileHandler' driver.
INFO - 2024-11-05 18:57:54 --> Session: Class initialized using 'CodeIgniter\Session\Handlers\FileHandler' driver.
INFO - 2024-11-05 18:58:34 --> Session: Class initialized using 'CodeIgniter\Session\Handlers\FileHandler' driver.
CRITICAL - 2024-11-05 18:58:34 --> Undefined variable $data
in APPPATH\Views\admin\folder\index.php on line 41.
 1 APPPATH\Views\admin\folder\index.php(41): CodeIgniter\Debug\Exceptions->errorHandler(2, 'Undefined variable $data', 'D:\\Projects\\housefull\\app\\Views\\admin\\folder\\index.php', 41)
 2 SYSTEMPATH\View\View.php(226): include('D:\\Projects\\housefull\\app\\Views\\admin\\folder\\index.php')
 3 SYSTEMPATH\View\View.php(229): CodeIgniter\View\View->CodeIgniter\View\{closure}()
 4 SYSTEMPATH\Common.php(1188): CodeIgniter\View\View->render('admin/folder/index', [], true)
 5 APPPATH\Controllers\AdminController\FolderController.php(20): view('admin/folder/index')
 6 SYSTEMPATH\CodeIgniter.php(919): App\Controllers\AdminController\FolderController->index()
 7 SYSTEMPATH\CodeIgniter.php(494): CodeIgniter\CodeIgniter->runController(Object(App\Controllers\AdminController\FolderController))
 8 SYSTEMPATH\CodeIgniter.php(353): CodeIgniter\CodeIgniter->handleRequest(null, Object(Config\Cache), false)
 9 FCPATH\index.php(79): CodeIgniter\CodeIgniter->run()
INFO - 2024-11-05 18:59:44 --> Session: Class initialized using 'CodeIgniter\Session\Handlers\FileHandler' driver.
INFO - 2024-11-05 18:59:50 --> Session: Class initialized using 'CodeIgniter\Session\Handlers\FileHandler' driver.
INFO - 2024-11-05 18:59:51 --> Session: Class initialized using 'CodeIgniter\Session\Handlers\FileHandler' driver.
INFO - 2024-11-05 19:00:08 --> Session: Class initialized using 'CodeIgniter\Session\Handlers\FileHandler' driver.
CRITICAL - 2024-11-05 19:00:08 --> Undefined variable $data
in APPPATH\Views\admin\folder\index.php on line 37.
 1 APPPATH\Views\admin\folder\index.php(37): CodeIgniter\Debug\Exceptions->errorHandler(2, 'Undefined variable $data', 'D:\\Projects\\housefull\\app\\Views\\admin\\folder\\index.php', 37)
 2 SYSTEMPATH\View\View.php(226): include('D:\\Projects\\housefull\\app\\Views\\admin\\folder\\index.php')
 3 SYSTEMPATH\View\View.php(229): CodeIgniter\View\View->CodeIgniter\View\{closure}()
 4 SYSTEMPATH\Common.php(1188): CodeIgniter\View\View->render('admin/folder/index', [], true)
 5 APPPATH\Controllers\AdminController\FolderController.php(20): view('admin/folder/index')
 6 SYSTEMPATH\CodeIgniter.php(919): App\Controllers\AdminController\FolderController->index()
 7 SYSTEMPATH\CodeIgniter.php(494): CodeIgniter\CodeIgniter->runController(Object(App\Controllers\AdminController\FolderController))
 8 SYSTEMPATH\CodeIgniter.php(353): CodeIgniter\CodeIgniter->handleRequest(null, Object(Config\Cache), false)
 9 FCPATH\index.php(79): CodeIgniter\CodeIgniter->run()
INFO - 2024-11-05 19:00:09 --> Session: Class initialized using 'CodeIgniter\Session\Handlers\FileHandler' driver.
INFO - 2024-11-05 19:00:17 --> Session: Class initialized using 'CodeIgniter\Session\Handlers\FileHandler' driver.
CRITICAL - 2024-11-05 19:00:17 --> Undefined variable $data
in APPPATH\Views\admin\folder\index.php on line 37.
 1 APPPATH\Views\admin\folder\index.php(37): CodeIgniter\Debug\Exceptions->errorHandler(2, 'Undefined variable $data', 'D:\\Projects\\housefull\\app\\Views\\admin\\folder\\index.php', 37)
 2 SYSTEMPATH\View\View.php(226): include('D:\\Projects\\housefull\\app\\Views\\admin\\folder\\index.php')
 3 SYSTEMPATH\View\View.php(229): CodeIgniter\View\View->CodeIgniter\View\{closure}()
 4 SYSTEMPATH\Common.php(1188): CodeIgniter\View\View->render('admin/folder/index', [], true)
 5 APPPATH\Controllers\AdminController\FolderController.php(20): view('admin/folder/index')
 6 SYSTEMPATH\CodeIgniter.php(919): App\Controllers\AdminController\FolderController->index()
 7 SYSTEMPATH\CodeIgniter.php(494): CodeIgniter\CodeIgniter->runController(Object(App\Controllers\AdminController\FolderController))
 8 SYSTEMPATH\CodeIgniter.php(353): CodeIgniter\CodeIgniter->handleRequest(null, Object(Config\Cache), false)
 9 FCPATH\index.php(79): CodeIgniter\CodeIgniter->run()
INFO - 2024-11-05 19:00:18 --> Session: Class initialized using 'CodeIgniter\Session\Handlers\FileHandler' driver.
INFO - 2024-11-05 19:05:41 --> Session: Class initialized using 'CodeIgniter\Session\Handlers\FileHandler' driver.
INFO - 2024-11-05 19:07:43 --> Session: Class initialized using 'CodeIgniter\Session\Handlers\FileHandler' driver.
CRITICAL - 2024-11-05 19:07:43 --> Undefined variable $data
in APPPATH\Views\admin\folder\index.php on line 37.
 1 APPPATH\Views\admin\folder\index.php(37): CodeIgniter\Debug\Exceptions->errorHandler(2, 'Undefined variable $data', 'D:\\Projects\\housefull\\app\\Views\\admin\\folder\\index.php', 37)
 2 SYSTEMPATH\View\View.php(226): include('D:\\Projects\\housefull\\app\\Views\\admin\\folder\\index.php')
 3 SYSTEMPATH\View\View.php(229): CodeIgniter\View\View->CodeIgniter\View\{closure}()
 4 SYSTEMPATH\Common.php(1188): CodeIgniter\View\View->render('admin/folder/index', [], true)
 5 APPPATH\Controllers\AdminController\FolderController.php(20): view('admin/folder/index')
 6 SYSTEMPATH\CodeIgniter.php(919): App\Controllers\AdminController\FolderController->index()
 7 SYSTEMPATH\CodeIgniter.php(494): CodeIgniter\CodeIgniter->runController(Object(App\Controllers\AdminController\FolderController))
 8 SYSTEMPATH\CodeIgniter.php(353): CodeIgniter\CodeIgniter->handleRequest(null, Object(Config\Cache), false)
 9 FCPATH\index.php(79): CodeIgniter\CodeIgniter->run()
INFO - 2024-11-05 19:07:58 --> Session: Class initialized using 'CodeIgniter\Session\Handlers\FileHandler' driver.
CRITICAL - 2024-11-05 19:07:58 --> foreach() argument must be of type array|object, string given
in APPPATH\Views\admin\folder\index.php on line 37.
 1 APPPATH\Views\admin\folder\index.php(37): CodeIgniter\Debug\Exceptions->errorHandler(2, 'foreach() argument must be of type array|object, string given', 'D:\\Projects\\housefull\\app\\Views\\admin\\folder\\index.php', 37)
 2 SYSTEMPATH\View\View.php(226): include('D:\\Projects\\housefull\\app\\Views\\admin\\folder\\index.php')
 3 SYSTEMPATH\View\View.php(229): CodeIgniter\View\View->CodeIgniter\View\{closure}()
 4 SYSTEMPATH\Common.php(1188): CodeIgniter\View\View->render('admin/folder/index', [], true)
 5 APPPATH\Controllers\AdminController\FolderController.php(20): view('admin/folder/index', [...])
 6 SYSTEMPATH\CodeIgniter.php(919): App\Controllers\AdminController\FolderController->index()
 7 SYSTEMPATH\CodeIgniter.php(494): CodeIgniter\CodeIgniter->runController(Object(App\Controllers\AdminController\FolderController))
 8 SYSTEMPATH\CodeIgniter.php(353): CodeIgniter\CodeIgniter->handleRequest(null, Object(Config\Cache), false)
 9 FCPATH\index.php(79): CodeIgniter\CodeIgniter->run()
INFO - 2024-11-05 19:08:08 --> Session: Class initialized using 'CodeIgniter\Session\Handlers\FileHandler' driver.
CRITICAL - 2024-11-05 19:08:08 --> Undefined array key "doc_name"
in APPPATH\Views\admin\folder\index.php on line 41.
 1 APPPATH\Views\admin\folder\index.php(41): CodeIgniter\Debug\Exceptions->errorHandler(2, 'Undefined array key "doc_name"', 'D:\\Projects\\housefull\\app\\Views\\admin\\folder\\index.php', 41)
 2 SYSTEMPATH\View\View.php(226): include('D:\\Projects\\housefull\\app\\Views\\admin\\folder\\index.php')
 3 SYSTEMPATH\View\View.php(229): CodeIgniter\View\View->CodeIgniter\View\{closure}()
 4 SYSTEMPATH\Common.php(1188): CodeIgniter\View\View->render('admin/folder/index', [], true)
 5 APPPATH\Controllers\AdminController\FolderController.php(20): view('admin/folder/index', [...])
 6 SYSTEMPATH\CodeIgniter.php(919): App\Controllers\AdminController\FolderController->index()
 7 SYSTEMPATH\CodeIgniter.php(494): CodeIgniter\CodeIgniter->runController(Object(App\Controllers\AdminController\FolderController))
 8 SYSTEMPATH\CodeIgniter.php(353): CodeIgniter\CodeIgniter->handleRequest(null, Object(Config\Cache), false)
 9 FCPATH\index.php(79): CodeIgniter\CodeIgniter->run()
INFO - 2024-11-05 19:13:36 --> Session: Class initialized using 'CodeIgniter\Session\Handlers\FileHandler' driver.
CRITICAL - 2024-11-05 19:13:36 --> Call to undefined method App\Models\FolderModel::getPlace
in SYSTEMPATH\Model.php on line 873.
 1 APPPATH\Controllers\AdminController\FolderController.php(18): CodeIgniter\Model->__call('getPlace', [])
 2 SYSTEMPATH\CodeIgniter.php(919): App\Controllers\AdminController\FolderController->index()
 3 SYSTEMPATH\CodeIgniter.php(494): CodeIgniter\CodeIgniter->runController(Object(App\Controllers\AdminController\FolderController))
 4 SYSTEMPATH\CodeIgniter.php(353): CodeIgniter\CodeIgniter->handleRequest(null, Object(Config\Cache), false)
 5 FCPATH\index.php(79): CodeIgniter\CodeIgniter->run()
INFO - 2024-11-05 19:14:45 --> Session: Class initialized using 'CodeIgniter\Session\Handlers\FileHandler' driver.
INFO - 2024-11-05 19:17:18 --> Session: Class initialized using 'CodeIgniter\Session\Handlers\FileHandler' driver.
CRITICAL - 2024-11-05 19:17:18 --> Undefined array key "doc_name"
in APPPATH\Views\admin\folder\index.php on line 40.
 1 APPPATH\Views\admin\folder\index.php(40): CodeIgniter\Debug\Exceptions->errorHandler(2, 'Undefined array key "doc_name"', 'D:\\Projects\\housefull\\app\\Views\\admin\\folder\\index.php', 40)
 2 SYSTEMPATH\View\View.php(226): include('D:\\Projects\\housefull\\app\\Views\\admin\\folder\\index.php')
 3 SYSTEMPATH\View\View.php(229): CodeIgniter\View\View->CodeIgniter\View\{closure}()
 4 SYSTEMPATH\Common.php(1188): CodeIgniter\View\View->render('admin/folder/index', [], true)
 5 APPPATH\Controllers\AdminController\FolderController.php(29): view('admin/folder/index', [...])
 6 SYSTEMPATH\CodeIgniter.php(919): App\Controllers\AdminController\FolderController->index()
 7 SYSTEMPATH\CodeIgniter.php(494): CodeIgniter\CodeIgniter->runController(Object(App\Controllers\AdminController\FolderController))
 8 SYSTEMPATH\CodeIgniter.php(353): CodeIgniter\CodeIgniter->handleRequest(null, Object(Config\Cache), false)
 9 FCPATH\index.php(79): CodeIgniter\CodeIgniter->run()
INFO - 2024-11-05 19:17:39 --> Session: Class initialized using 'CodeIgniter\Session\Handlers\FileHandler' driver.
CRITICAL - 2024-11-05 19:17:39 --> Undefined array key "places"
in APPPATH\Views\admin\folder\index.php on line 40.
 1 APPPATH\Views\admin\folder\index.php(40): CodeIgniter\Debug\Exceptions->errorHandler(2, 'Undefined array key "places"', 'D:\\Projects\\housefull\\app\\Views\\admin\\folder\\index.php', 40)
 2 SYSTEMPATH\View\View.php(226): include('D:\\Projects\\housefull\\app\\Views\\admin\\folder\\index.php')
 3 SYSTEMPATH\View\View.php(229): CodeIgniter\View\View->CodeIgniter\View\{closure}()
 4 SYSTEMPATH\Common.php(1188): CodeIgniter\View\View->render('admin/folder/index', [], true)
 5 APPPATH\Controllers\AdminController\FolderController.php(29): view('admin/folder/index', [...])
 6 SYSTEMPATH\CodeIgniter.php(919): App\Controllers\AdminController\FolderController->index()
 7 SYSTEMPATH\CodeIgniter.php(494): CodeIgniter\CodeIgniter->runController(Object(App\Controllers\AdminController\FolderController))
 8 SYSTEMPATH\CodeIgniter.php(353): CodeIgniter\CodeIgniter->handleRequest(null, Object(Config\Cache), false)
 9 FCPATH\index.php(79): CodeIgniter\CodeIgniter->run()
INFO - 2024-11-05 19:18:27 --> Session: Class initialized using 'CodeIgniter\Session\Handlers\FileHandler' driver.
INFO - 2024-11-05 19:26:07 --> Session: Class initialized using 'CodeIgniter\Session\Handlers\FileHandler' driver.
CRITICAL - 2024-11-05 19:26:07 --> Array to string conversion
in APPPATH\Controllers\AdminController\FolderController.php on line 22.
 1 APPPATH\Controllers\AdminController\FolderController.php(22): CodeIgniter\Debug\Exceptions->errorHandler(2, 'Array to string conversion', 'D:\\Projects\\housefull\\app\\Controllers\\AdminController\\FolderController.php', 22)
 2 SYSTEMPATH\CodeIgniter.php(919): App\Controllers\AdminController\FolderController->index()
 3 SYSTEMPATH\CodeIgniter.php(494): CodeIgniter\CodeIgniter->runController(Object(App\Controllers\AdminController\FolderController))
 4 SYSTEMPATH\CodeIgniter.php(353): CodeIgniter\CodeIgniter->handleRequest(null, Object(Config\Cache), false)
 5 FCPATH\index.php(79): CodeIgniter\CodeIgniter->run()
INFO - 2024-11-05 19:26:18 --> Session: Class initialized using 'CodeIgniter\Session\Handlers\FileHandler' driver.
INFO - 2024-11-05 19:27:37 --> Session: Class initialized using 'CodeIgniter\Session\Handlers\FileHandler' driver.
INFO - 2024-11-05 19:30:18 --> Session: Class initialized using 'CodeIgniter\Session\Handlers\FileHandler' driver.
INFO - 2024-11-05 19:32:05 --> Session: Class initialized using 'CodeIgniter\Session\Handlers\FileHandler' driver.
CRITICAL - 2024-11-05 19:32:06 --> Undefined array key "name"
in APPPATH\Views\admin\folder\index.php on line 45.
 1 APPPATH\Views\admin\folder\index.php(45): CodeIgniter\Debug\Exceptions->errorHandler(2, 'Undefined array key "name"', 'D:\\Projects\\housefull\\app\\Views\\admin\\folder\\index.php', 45)
 2 SYSTEMPATH\View\View.php(226): include('D:\\Projects\\housefull\\app\\Views\\admin\\folder\\index.php')
 3 SYSTEMPATH\View\View.php(229): CodeIgniter\View\View->CodeIgniter\View\{closure}()
 4 SYSTEMPATH\Common.php(1188): CodeIgniter\View\View->render('admin/folder/index', [], true)
 5 APPPATH\Controllers\AdminController\FolderController.php(28): view('admin/folder/index', [...])
 6 SYSTEMPATH\CodeIgniter.php(919): App\Controllers\AdminController\FolderController->index()
 7 SYSTEMPATH\CodeIgniter.php(494): CodeIgniter\CodeIgniter->runController(Object(App\Controllers\AdminController\FolderController))
 8 SYSTEMPATH\CodeIgniter.php(353): CodeIgniter\CodeIgniter->handleRequest(null, Object(Config\Cache), false)
 9 FCPATH\index.php(79): CodeIgniter\CodeIgniter->run()
INFO - 2024-11-05 19:32:12 --> Session: Class initialized using 'CodeIgniter\Session\Handlers\FileHandler' driver.
INFO - 2024-11-05 19:32:37 --> Session: Class initialized using 'CodeIgniter\Session\Handlers\FileHandler' driver.
CRITICAL - 2024-11-05 19:32:37 --> Undefined array key "id"
in APPPATH\Views\admin\folder\index.php on line 50.
 1 APPPATH\Views\admin\folder\index.php(50): CodeIgniter\Debug\Exceptions->errorHandler(2, 'Undefined array key "id"', 'D:\\Projects\\housefull\\app\\Views\\admin\\folder\\index.php', 50)
 2 SYSTEMPATH\View\View.php(226): include('D:\\Projects\\housefull\\app\\Views\\admin\\folder\\index.php')
 3 SYSTEMPATH\View\View.php(229): CodeIgniter\View\View->CodeIgniter\View\{closure}()
 4 SYSTEMPATH\Common.php(1188): CodeIgniter\View\View->render('admin/folder/index', [], true)
 5 APPPATH\Controllers\AdminController\FolderController.php(28): view('admin/folder/index', [...])
 6 SYSTEMPATH\CodeIgniter.php(919): App\Controllers\AdminController\FolderController->index()
 7 SYSTEMPATH\CodeIgniter.php(494): CodeIgniter\CodeIgniter->runController(Object(App\Controllers\AdminController\FolderController))
 8 SYSTEMPATH\CodeIgniter.php(353): CodeIgniter\CodeIgniter->handleRequest(null, Object(Config\Cache), false)
 9 FCPATH\index.php(79): CodeIgniter\CodeIgniter->run()
INFO - 2024-11-05 19:33:14 --> Session: Class initialized using 'CodeIgniter\Session\Handlers\FileHandler' driver.
INFO - 2024-11-05 19:33:49 --> Session: Class initialized using 'CodeIgniter\Session\Handlers\FileHandler' driver.
INFO - 2024-11-05 19:34:40 --> Session: Class initialized using 'CodeIgniter\Session\Handlers\FileHandler' driver.
INFO - 2024-11-05 19:35:36 --> Session: Class initialized using 'CodeIgniter\Session\Handlers\FileHandler' driver.
CRITICAL - 2024-11-05 19:35:36 --> Class "App\Controllers\AdminController\PlaceModel" not found
in APPPATH\Controllers\AdminController\FolderController.php on line 179.
 1 SYSTEMPATH\CodeIgniter.php(919): App\Controllers\AdminController\FolderController->createDocuments()
 2 SYSTEMPATH\CodeIgniter.php(494): CodeIgniter\CodeIgniter->runController(Object(App\Controllers\AdminController\FolderController))
 3 SYSTEMPATH\CodeIgniter.php(353): CodeIgniter\CodeIgniter->handleRequest(null, Object(Config\Cache), false)
 4 FCPATH\index.php(79): CodeIgniter\CodeIgniter->run()
INFO - 2024-11-05 19:39:11 --> Session: Class initialized using 'CodeIgniter\Session\Handlers\FileHandler' driver.
CRITICAL - 2024-11-05 19:39:11 --> Class "App\Controllers\AdminController\PlaceModel" not found
in APPPATH\Controllers\AdminController\FolderController.php on line 172.
 1 SYSTEMPATH\CodeIgniter.php(919): App\Controllers\AdminController\FolderController->createDocuments()
 2 SYSTEMPATH\CodeIgniter.php(494): CodeIgniter\CodeIgniter->runController(Object(App\Controllers\AdminController\FolderController))
 3 SYSTEMPATH\CodeIgniter.php(353): CodeIgniter\CodeIgniter->handleRequest(null, Object(Config\Cache), false)
 4 FCPATH\index.php(79): CodeIgniter\CodeIgniter->run()
INFO - 2024-11-05 19:39:13 --> Session: Class initialized using 'CodeIgniter\Session\Handlers\FileHandler' driver.
CRITICAL - 2024-11-05 19:39:13 --> Class "App\Controllers\AdminController\PlaceModel" not found
in APPPATH\Controllers\AdminController\FolderController.php on line 172.
 1 SYSTEMPATH\CodeIgniter.php(919): App\Controllers\AdminController\FolderController->createDocuments()
 2 SYSTEMPATH\CodeIgniter.php(494): CodeIgniter\CodeIgniter->runController(Object(App\Controllers\AdminController\FolderController))
 3 SYSTEMPATH\CodeIgniter.php(353): CodeIgniter\CodeIgniter->handleRequest(null, Object(Config\Cache), false)
 4 FCPATH\index.php(79): CodeIgniter\CodeIgniter->run()
INFO - 2024-11-05 19:39:56 --> Session: Class initialized using 'CodeIgniter\Session\Handlers\FileHandler' driver.
CRITICAL - 2024-11-05 19:39:56 --> Undefined variable $getPlace
in APPPATH\Views\admin\folder\create.php on line 26.
 1 APPPATH\Views\admin\folder\create.php(26): CodeIgniter\Debug\Exceptions->errorHandler(2, 'Undefined variable $getPlace', 'D:\\Projects\\housefull\\app\\Views\\admin\\folder\\create.php', 26)
 2 SYSTEMPATH\View\View.php(226): include('D:\\Projects\\housefull\\app\\Views\\admin\\folder\\create.php')
 3 SYSTEMPATH\View\View.php(229): CodeIgniter\View\View->CodeIgniter\View\{closure}()
 4 SYSTEMPATH\Common.php(1188): CodeIgniter\View\View->render('admin/folder/create', [], true)
 5 APPPATH\Controllers\AdminController\FolderController.php(33): view('admin/folder/create')
 6 SYSTEMPATH\CodeIgniter.php(919): App\Controllers\AdminController\FolderController->createFolder()
 7 SYSTEMPATH\CodeIgniter.php(494): CodeIgniter\CodeIgniter->runController(Object(App\Controllers\AdminController\FolderController))
 8 SYSTEMPATH\CodeIgniter.php(353): CodeIgniter\CodeIgniter->handleRequest(null, Object(Config\Cache), false)
 9 FCPATH\index.php(79): CodeIgniter\CodeIgniter->run()
INFO - 2024-11-05 19:40:36 --> Session: Class initialized using 'CodeIgniter\Session\Handlers\FileHandler' driver.
INFO - 2024-11-05 19:40:40 --> Session: Class initialized using 'CodeIgniter\Session\Handlers\FileHandler' driver.
INFO - 2024-11-05 19:40:43 --> Session: Class initialized using 'CodeIgniter\Session\Handlers\FileHandler' driver.
INFO - 2024-11-05 19:42:42 --> Session: Class initialized using 'CodeIgniter\Session\Handlers\FileHandler' driver.
INFO - 2024-11-05 19:42:44 --> Session: Class initialized using 'CodeIgniter\Session\Handlers\FileHandler' driver.
CRITICAL - 2024-11-05 19:42:44 --> Undefined variable $getPlace
in APPPATH\Views\admin\folder\create.php on line 26.
 1 APPPATH\Views\admin\folder\create.php(26): CodeIgniter\Debug\Exceptions->errorHandler(2, 'Undefined variable $getPlace', 'D:\\Projects\\housefull\\app\\Views\\admin\\folder\\create.php', 26)
 2 SYSTEMPATH\View\View.php(226): include('D:\\Projects\\housefull\\app\\Views\\admin\\folder\\create.php')
 3 SYSTEMPATH\View\View.php(229): CodeIgniter\View\View->CodeIgniter\View\{closure}()
 4 SYSTEMPATH\Common.php(1188): CodeIgniter\View\View->render('admin/folder/create', [], true)
 5 APPPATH\Controllers\AdminController\FolderController.php(34): view('admin/folder/create', [...])
 6 SYSTEMPATH\CodeIgniter.php(919): App\Controllers\AdminController\FolderController->createFolder()
 7 SYSTEMPATH\CodeIgniter.php(494): CodeIgniter\CodeIgniter->runController(Object(App\Controllers\AdminController\FolderController))
 8 SYSTEMPATH\CodeIgniter.php(353): CodeIgniter\CodeIgniter->handleRequest(null, Object(Config\Cache), false)
 9 FCPATH\index.php(79): CodeIgniter\CodeIgniter->run()
INFO - 2024-11-05 19:43:14 --> Session: Class initialized using 'CodeIgniter\Session\Handlers\FileHandler' driver.
INFO - 2024-11-05 19:43:27 --> Session: Class initialized using 'CodeIgniter\Session\Handlers\FileHandler' driver.
CRITICAL - 2024-11-05 19:43:27 --> Undefined variable $getPlace
in APPPATH\Views\admin\folder\create.php on line 26.
 1 APPPATH\Views\admin\folder\create.php(26): CodeIgniter\Debug\Exceptions->errorHandler(2, 'Undefined variable $getPlace', 'D:\\Projects\\housefull\\app\\Views\\admin\\folder\\create.php', 26)
 2 SYSTEMPATH\View\View.php(226): include('D:\\Projects\\housefull\\app\\Views\\admin\\folder\\create.php')
 3 SYSTEMPATH\View\View.php(229): CodeIgniter\View\View->CodeIgniter\View\{closure}()
 4 SYSTEMPATH\Common.php(1188): CodeIgniter\View\View->render('admin/folder/create', [], true)
 5 APPPATH\Controllers\AdminController\FolderController.php(40): view('admin/folder/create', [...])
 6 SYSTEMPATH\CodeIgniter.php(919): App\Controllers\AdminController\FolderController->createFolder()
 7 SYSTEMPATH\CodeIgniter.php(494): CodeIgniter\CodeIgniter->runController(Object(App\Controllers\AdminController\FolderController))
 8 SYSTEMPATH\CodeIgniter.php(353): CodeIgniter\CodeIgniter->handleRequest(null, Object(Config\Cache), false)
 9 FCPATH\index.php(79): CodeIgniter\CodeIgniter->run()
INFO - 2024-11-05 19:43:36 --> Session: Class initialized using 'CodeIgniter\Session\Handlers\FileHandler' driver.
INFO - 2024-11-05 19:53:00 --> Session: Class initialized using 'CodeIgniter\Session\Handlers\FileHandler' driver.
INFO - 2024-11-05 19:54:11 --> Session: Class initialized using 'CodeIgniter\Session\Handlers\FileHandler' driver.
INFO - 2024-11-05 19:54:12 --> Session: Class initialized using 'CodeIgniter\Session\Handlers\FileHandler' driver.
INFO - 2024-11-05 19:54:12 --> Session: Class initialized using 'CodeIgniter\Session\Handlers\FileHandler' driver.
INFO - 2024-11-05 19:54:19 --> Session: Class initialized using 'CodeIgniter\Session\Handlers\FileHandler' driver.
INFO - 2024-11-05 19:54:19 --> Session: Class initialized using 'CodeIgniter\Session\Handlers\FileHandler' driver.
INFO - 2024-11-05 19:55:10 --> Session: Class initialized using 'CodeIgniter\Session\Handlers\FileHandler' driver.
INFO - 2024-11-05 19:55:10 --> Session: Class initialized using 'CodeIgniter\Session\Handlers\FileHandler' driver.
INFO - 2024-11-05 19:55:15 --> Session: Class initialized using 'CodeIgniter\Session\Handlers\FileHandler' driver.
INFO - 2024-11-05 19:55:15 --> Session: Class initialized using 'CodeIgniter\Session\Handlers\FileHandler' driver.
INFO - 2024-11-05 19:56:00 --> Session: Class initialized using 'CodeIgniter\Session\Handlers\FileHandler' driver.
INFO - 2024-11-05 19:59:00 --> Session: Class initialized using 'CodeIgniter\Session\Handlers\FileHandler' driver.
INFO - 2024-11-05 19:59:50 --> Session: Class initialized using 'CodeIgniter\Session\Handlers\FileHandler' driver.
INFO - 2024-11-05 19:59:54 --> Session: Class initialized using 'CodeIgniter\Session\Handlers\FileHandler' driver.
INFO - 2024-11-05 20:00:09 --> Session: Class initialized using 'CodeIgniter\Session\Handlers\FileHandler' driver.
CRITICAL - 2024-11-05 20:00:09 --> Undefined variable $docModel
in APPPATH\Controllers\AdminController\FolderController.php on line 67.
 1 APPPATH\Controllers\AdminController\FolderController.php(67): CodeIgniter\Debug\Exceptions->errorHandler(2, 'Undefined variable $docModel', 'D:\\Projects\\housefull\\app\\Controllers\\AdminController\\FolderController.php', 67)
 2 SYSTEMPATH\CodeIgniter.php(919): App\Controllers\AdminController\FolderController->createFolder()
 3 SYSTEMPATH\CodeIgniter.php(494): CodeIgniter\CodeIgniter->runController(Object(App\Controllers\AdminController\FolderController))
 4 SYSTEMPATH\CodeIgniter.php(353): CodeIgniter\CodeIgniter->handleRequest(null, Object(Config\Cache), false)
 5 FCPATH\index.php(79): CodeIgniter\CodeIgniter->run()
INFO - 2024-11-05 20:00:22 --> Session: Class initialized using 'CodeIgniter\Session\Handlers\FileHandler' driver.
CRITICAL - 2024-11-05 20:00:23 --> There is no data to insert.
in SYSTEMPATH\BaseModel.php on line 768.
 1 SYSTEMPATH\BaseModel.php(768): CodeIgniter\Database\Exceptions\DataException::forEmptyDataset('insert')
 2 SYSTEMPATH\Model.php(715): CodeIgniter\BaseModel->insert([], false)
 3 SYSTEMPATH\BaseModel.php(698): CodeIgniter\Model->insert([...], false)
 4 APPPATH\Controllers\AdminController\FolderController.php(67): CodeIgniter\BaseModel->save([...])
 5 SYSTEMPATH\CodeIgniter.php(919): App\Controllers\AdminController\FolderController->createFolder()
 6 SYSTEMPATH\CodeIgniter.php(494): CodeIgniter\CodeIgniter->runController(Object(App\Controllers\AdminController\FolderController))
 7 SYSTEMPATH\CodeIgniter.php(353): CodeIgniter\CodeIgniter->handleRequest(null, Object(Config\Cache), false)
 8 FCPATH\index.php(79): CodeIgniter\CodeIgniter->run()
INFO - 2024-11-05 20:00:39 --> Session: Class initialized using 'CodeIgniter\Session\Handlers\FileHandler' driver.
INFO - 2024-11-05 20:00:41 --> Session: Class initialized using 'CodeIgniter\Session\Handlers\FileHandler' driver.
CRITICAL - 2024-11-05 20:00:41 --> There is no data to insert.
in SYSTEMPATH\BaseModel.php on line 768.
 1 SYSTEMPATH\BaseModel.php(768): CodeIgniter\Database\Exceptions\DataException::forEmptyDataset('insert')
 2 SYSTEMPATH\Model.php(715): CodeIgniter\BaseModel->insert([], false)
 3 SYSTEMPATH\BaseModel.php(698): CodeIgniter\Model->insert([...], false)
 4 APPPATH\Controllers\AdminController\FolderController.php(63): CodeIgniter\BaseModel->save([...])
 5 SYSTEMPATH\CodeIgniter.php(919): App\Controllers\AdminController\FolderController->createFolder()
 6 SYSTEMPATH\CodeIgniter.php(494): CodeIgniter\CodeIgniter->runController(Object(App\Controllers\AdminController\FolderController))
 7 SYSTEMPATH\CodeIgniter.php(353): CodeIgniter\CodeIgniter->handleRequest(null, Object(Config\Cache), false)
 8 FCPATH\index.php(79): CodeIgniter\CodeIgniter->run()
INFO - 2024-11-05 20:01:02 --> Session: Class initialized using 'CodeIgniter\Session\Handlers\FileHandler' driver.
INFO - 2024-11-05 20:01:33 --> Session: Class initialized using 'CodeIgniter\Session\Handlers\FileHandler' driver.
INFO - 2024-11-05 20:01:33 --> Session: Class initialized using 'CodeIgniter\Session\Handlers\FileHandler' driver.
INFO - 2024-11-05 20:02:13 --> Session: Class initialized using 'CodeIgniter\Session\Handlers\FileHandler' driver.
INFO - 2024-11-05 20:02:30 --> Session: Class initialized using 'CodeIgniter\Session\Handlers\FileHandler' driver.
INFO - 2024-11-05 20:04:13 --> Session: Class initialized using 'CodeIgniter\Session\Handlers\FileHandler' driver.
INFO - 2024-11-05 20:05:38 --> Session: Class initialized using 'CodeIgniter\Session\Handlers\FileHandler' driver.
INFO - 2024-11-05 20:05:46 --> Session: Class initialized using 'CodeIgniter\Session\Handlers\FileHandler' driver.
INFO - 2024-11-05 20:05:56 --> Session: Class initialized using 'CodeIgniter\Session\Handlers\FileHandler' driver.
INFO - 2024-11-05 20:07:40 --> Session: Class initialized using 'CodeIgniter\Session\Handlers\FileHandler' driver.
INFO - 2024-11-05 20:07:46 --> Session: Class initialized using 'CodeIgniter\Session\Handlers\FileHandler' driver.
INFO - 2024-11-05 20:19:02 --> Session: Class initialized using 'CodeIgniter\Session\Handlers\FileHandler' driver.
INFO - 2024-11-05 20:19:16 --> Session: Class initialized using 'CodeIgniter\Session\Handlers\FileHandler' driver.
INFO - 2024-11-05 20:19:21 --> Session: Class initialized using 'CodeIgniter\Session\Handlers\FileHandler' driver.
INFO - 2024-11-05 20:19:42 --> Session: Class initialized using 'CodeIgniter\Session\Handlers\FileHandler' driver.
INFO - 2024-11-05 20:19:45 --> Session: Class initialized using 'CodeIgniter\Session\Handlers\FileHandler' driver.
INFO - 2024-11-05 20:19:47 --> Session: Class initialized using 'CodeIgniter\Session\Handlers\FileHandler' driver.
INFO - 2024-11-05 20:19:50 --> Session: Class initialized using 'CodeIgniter\Session\Handlers\FileHandler' driver.
INFO - 2024-11-05 20:19:52 --> Session: Class initialized using 'CodeIgniter\Session\Handlers\FileHandler' driver.
INFO - 2024-11-05 20:20:21 --> Session: Class initialized using 'CodeIgniter\Session\Handlers\FileHandler' driver.
INFO - 2024-11-05 20:20:32 --> Session: Class initialized using 'CodeIgniter\Session\Handlers\FileHandler' driver.
INFO - 2024-11-05 20:20:39 --> Session: Class initialized using 'CodeIgniter\Session\Handlers\FileHandler' driver.
INFO - 2024-11-05 20:21:24 --> Session: Class initialized using 'CodeIgniter\Session\Handlers\FileHandler' driver.
INFO - 2024-11-05 20:25:35 --> Session: Class initialized using 'CodeIgniter\Session\Handlers\FileHandler' driver.
ERROR - 2024-11-05 20:25:35 --> mysqli_sql_exception: Column 'id' in where clause is ambiguous in D:\Projects\housefull\system\Database\MySQLi\Connection.php:306
Stack trace:
#0 D:\Projects\housefull\system\Database\MySQLi\Connection.php(306): mysqli->query('SELECT *\nFROM `...', 0)
#1 D:\Projects\housefull\system\Database\BaseConnection.php(692): CodeIgniter\Database\MySQLi\Connection->execute('SELECT *\nFROM `...')
#2 D:\Projects\housefull\system\Database\BaseConnection.php(606): CodeIgniter\Database\BaseConnection->simpleQuery('SELECT *\nFROM `...')
#3 D:\Projects\housefull\system\Database\BaseBuilder.php(1615): CodeIgniter\Database\BaseConnection->query('SELECT *\nFROM `...', Array, false)
#4 D:\Projects\housefull\system\Model.php(237): CodeIgniter\Database\BaseBuilder->get()
#5 D:\Projects\housefull\system\BaseModel.php(624): CodeIgniter\Model->doFindAll(0, 0)
#6 D:\Projects\housefull\app\Controllers\AdminController\FolderController.php(102): CodeIgniter\BaseModel->findAll()
#7 D:\Projects\housefull\system\CodeIgniter.php(919): App\Controllers\AdminController\FolderController->listFolderFile('1')
#8 D:\Projects\housefull\system\CodeIgniter.php(494): CodeIgniter\CodeIgniter->runController(Object(App\Controllers\AdminController\FolderController))
#9 D:\Projects\housefull\system\CodeIgniter.php(353): CodeIgniter\CodeIgniter->handleRequest(NULL, Object(Config\Cache), false)
#10 D:\Projects\housefull\index.php(79): CodeIgniter\CodeIgniter->run()
#11 {main}
CRITICAL - 2024-11-05 20:25:35 --> Column 'id' in where clause is ambiguous
in SYSTEMPATH\Database\BaseConnection.php on line 646.
 1 SYSTEMPATH\Database\BaseBuilder.php(1615): CodeIgniter\Database\BaseConnection->query('SELECT *
FROM `folder_wise_data`
JOIN `place_wise_folder` ON `folder_wise_data`.`id` = `place_wise_folder`.`places_id`
WHERE `id` = :id:', [...], false)
 2 SYSTEMPATH\Model.php(237): CodeIgniter\Database\BaseBuilder->get()
 3 SYSTEMPATH\BaseModel.php(624): CodeIgniter\Model->doFindAll(0, 0)
 4 APPPATH\Controllers\AdminController\FolderController.php(102): CodeIgniter\BaseModel->findAll()
 5 SYSTEMPATH\CodeIgniter.php(919): App\Controllers\AdminController\FolderController->listFolderFile('1')
 6 SYSTEMPATH\CodeIgniter.php(494): CodeIgniter\CodeIgniter->runController(Object(App\Controllers\AdminController\FolderController))
 7 SYSTEMPATH\CodeIgniter.php(353): CodeIgniter\CodeIgniter->handleRequest(null, Object(Config\Cache), false)
 8 FCPATH\index.php(79): CodeIgniter\CodeIgniter->run()
INFO - 2024-11-05 20:29:02 --> Session: Class initialized using 'CodeIgniter\Session\Handlers\FileHandler' driver.
ERROR - 2024-11-05 20:29:02 --> mysqli_sql_exception: Column 'id' in where clause is ambiguous in D:\Projects\housefull\system\Database\MySQLi\Connection.php:306
Stack trace:
#0 D:\Projects\housefull\system\Database\MySQLi\Connection.php(306): mysqli->query('SELECT `folder_...', 0)
#1 D:\Projects\housefull\system\Database\BaseConnection.php(692): CodeIgniter\Database\MySQLi\Connection->execute('SELECT `folder_...')
#2 D:\Projects\housefull\system\Database\BaseConnection.php(606): CodeIgniter\Database\BaseConnection->simpleQuery('SELECT `folder_...')
#3 D:\Projects\housefull\system\Database\BaseBuilder.php(1615): CodeIgniter\Database\BaseConnection->query('SELECT `folder_...', Array, false)
#4 D:\Projects\housefull\system\Model.php(237): CodeIgniter\Database\BaseBuilder->get()
#5 D:\Projects\housefull\system\BaseModel.php(624): CodeIgniter\Model->doFindAll(0, 0)
#6 D:\Projects\housefull\app\Controllers\AdminController\FolderController.php(102): CodeIgniter\BaseModel->findAll()
#7 D:\Projects\housefull\system\CodeIgniter.php(919): App\Controllers\AdminController\FolderController->listFolderFile('1')
#8 D:\Projects\housefull\system\CodeIgniter.php(494): CodeIgniter\CodeIgniter->runController(Object(App\Controllers\AdminController\FolderController))
#9 D:\Projects\housefull\system\CodeIgniter.php(353): CodeIgniter\CodeIgniter->handleRequest(NULL, Object(Config\Cache), false)
#10 D:\Projects\housefull\index.php(79): CodeIgniter\CodeIgniter->run()
#11 {main}
CRITICAL - 2024-11-05 20:29:02 --> Column 'id' in where clause is ambiguous
in SYSTEMPATH\Database\BaseConnection.php on line 646.
 1 SYSTEMPATH\Database\BaseBuilder.php(1615): CodeIgniter\Database\BaseConnection->query('SELECT `folder_wise_data`.`id` as `f_w_d_id`, `folder_wise_data`.`place_wise_folder_id` as `f_w_d_place_wise_folder_id`, `folder_wise_data`.`document_name` as `f_w_d_doc_name`, `folder_wise_data`.`file` as `file`
FROM `folder_wise_data`
JOIN `place_wise_folder` ON `folder_wise_data`.`id` = `place_wise_folder`.`places_id`
WHERE `id` = :id:', [...], false)
 2 SYSTEMPATH\Model.php(237): CodeIgniter\Database\BaseBuilder->get()
 3 SYSTEMPATH\BaseModel.php(624): CodeIgniter\Model->doFindAll(0, 0)
 4 APPPATH\Controllers\AdminController\FolderController.php(102): CodeIgniter\BaseModel->findAll()
 5 SYSTEMPATH\CodeIgniter.php(919): App\Controllers\AdminController\FolderController->listFolderFile('1')
 6 SYSTEMPATH\CodeIgniter.php(494): CodeIgniter\CodeIgniter->runController(Object(App\Controllers\AdminController\FolderController))
 7 SYSTEMPATH\CodeIgniter.php(353): CodeIgniter\CodeIgniter->handleRequest(null, Object(Config\Cache), false)
 8 FCPATH\index.php(79): CodeIgniter\CodeIgniter->run()
INFO - 2024-11-05 20:29:04 --> Session: Class initialized using 'CodeIgniter\Session\Handlers\FileHandler' driver.
ERROR - 2024-11-05 20:29:04 --> mysqli_sql_exception: Column 'id' in where clause is ambiguous in D:\Projects\housefull\system\Database\MySQLi\Connection.php:306
Stack trace:
#0 D:\Projects\housefull\system\Database\MySQLi\Connection.php(306): mysqli->query('SELECT `folder_...', 0)
#1 D:\Projects\housefull\system\Database\BaseConnection.php(692): CodeIgniter\Database\MySQLi\Connection->execute('SELECT `folder_...')
#2 D:\Projects\housefull\system\Database\BaseConnection.php(606): CodeIgniter\Database\BaseConnection->simpleQuery('SELECT `folder_...')
#3 D:\Projects\housefull\system\Database\BaseBuilder.php(1615): CodeIgniter\Database\BaseConnection->query('SELECT `folder_...', Array, false)
#4 D:\Projects\housefull\system\Model.php(237): CodeIgniter\Database\BaseBuilder->get()
#5 D:\Projects\housefull\system\BaseModel.php(624): CodeIgniter\Model->doFindAll(0, 0)
#6 D:\Projects\housefull\app\Controllers\AdminController\FolderController.php(102): CodeIgniter\BaseModel->findAll()
#7 D:\Projects\housefull\system\CodeIgniter.php(919): App\Controllers\AdminController\FolderController->listFolderFile('1')
#8 D:\Projects\housefull\system\CodeIgniter.php(494): CodeIgniter\CodeIgniter->runController(Object(App\Controllers\AdminController\FolderController))
#9 D:\Projects\housefull\system\CodeIgniter.php(353): CodeIgniter\CodeIgniter->handleRequest(NULL, Object(Config\Cache), false)
#10 D:\Projects\housefull\index.php(79): CodeIgniter\CodeIgniter->run()
#11 {main}
CRITICAL - 2024-11-05 20:29:04 --> Column 'id' in where clause is ambiguous
in SYSTEMPATH\Database\BaseConnection.php on line 646.
 1 SYSTEMPATH\Database\BaseBuilder.php(1615): CodeIgniter\Database\BaseConnection->query('SELECT `folder_wise_data`.`id` as `f_w_d_id`, `folder_wise_data`.`place_wise_folder_id` as `f_w_d_place_wise_folder_id`, `folder_wise_data`.`document_name` as `f_w_d_doc_name`, `folder_wise_data`.`file` as `file`
FROM `folder_wise_data`
JOIN `place_wise_folder` ON `folder_wise_data`.`id` = `place_wise_folder`.`places_id`
WHERE `id` = :id:', [...], false)
 2 SYSTEMPATH\Model.php(237): CodeIgniter\Database\BaseBuilder->get()
 3 SYSTEMPATH\BaseModel.php(624): CodeIgniter\Model->doFindAll(0, 0)
 4 APPPATH\Controllers\AdminController\FolderController.php(102): CodeIgniter\BaseModel->findAll()
 5 SYSTEMPATH\CodeIgniter.php(919): App\Controllers\AdminController\FolderController->listFolderFile('1')
 6 SYSTEMPATH\CodeIgniter.php(494): CodeIgniter\CodeIgniter->runController(Object(App\Controllers\AdminController\FolderController))
 7 SYSTEMPATH\CodeIgniter.php(353): CodeIgniter\CodeIgniter->handleRequest(null, Object(Config\Cache), false)
 8 FCPATH\index.php(79): CodeIgniter\CodeIgniter->run()
INFO - 2024-11-05 20:29:31 --> Session: Class initialized using 'CodeIgniter\Session\Handlers\FileHandler' driver.
INFO - 2024-11-05 20:29:34 --> Session: Class initialized using 'CodeIgniter\Session\Handlers\FileHandler' driver.
INFO - 2024-11-05 20:29:40 --> Session: Class initialized using 'CodeIgniter\Session\Handlers\FileHandler' driver.
INFO - 2024-11-05 20:29:41 --> Session: Class initialized using 'CodeIgniter\Session\Handlers\FileHandler' driver.
INFO - 2024-11-05 20:30:50 --> Session: Class initialized using 'CodeIgniter\Session\Handlers\FileHandler' driver.
INFO - 2024-11-05 20:33:44 --> Session: Class initialized using 'CodeIgniter\Session\Handlers\FileHandler' driver.
INFO - 2024-11-05 20:35:45 --> Session: Class initialized using 'CodeIgniter\Session\Handlers\FileHandler' driver.
INFO - 2024-11-05 20:36:10 --> Session: Class initialized using 'CodeIgniter\Session\Handlers\FileHandler' driver.
INFO - 2024-11-05 20:36:12 --> Session: Class initialized using 'CodeIgniter\Session\Handlers\FileHandler' driver.
INFO - 2024-11-05 20:36:13 --> Session: Class initialized using 'CodeIgniter\Session\Handlers\FileHandler' driver.
INFO - 2024-11-05 20:36:13 --> Session: Class initialized using 'CodeIgniter\Session\Handlers\FileHandler' driver.
INFO - 2024-11-05 20:36:14 --> Session: Class initialized using 'CodeIgniter\Session\Handlers\FileHandler' driver.
INFO - 2024-11-05 20:36:14 --> Session: Class initialized using 'CodeIgniter\Session\Handlers\FileHandler' driver.
INFO - 2024-11-05 20:38:23 --> Session: Class initialized using 'CodeIgniter\Session\Handlers\FileHandler' driver.
INFO - 2024-11-05 20:38:24 --> Session: Class initialized using 'CodeIgniter\Session\Handlers\FileHandler' driver.
INFO - 2024-11-05 20:38:24 --> Session: Class initialized using 'CodeIgniter\Session\Handlers\FileHandler' driver.
INFO - 2024-11-05 20:38:26 --> Session: Class initialized using 'CodeIgniter\Session\Handlers\FileHandler' driver.
INFO - 2024-11-05 20:38:30 --> Session: Class initialized using 'CodeIgniter\Session\Handlers\FileHandler' driver.
INFO - 2024-11-05 20:38:34 --> Session: Class initialized using 'CodeIgniter\Session\Handlers\FileHandler' driver.
INFO - 2024-11-05 20:38:35 --> Session: Class initialized using 'CodeIgniter\Session\Handlers\FileHandler' driver.
INFO - 2024-11-05 20:38:39 --> Session: Class initialized using 'CodeIgniter\Session\Handlers\FileHandler' driver.
INFO - 2024-11-05 20:38:40 --> Session: Class initialized using 'CodeIgniter\Session\Handlers\FileHandler' driver.
INFO - 2024-11-05 20:39:32 --> Session: Class initialized using 'CodeIgniter\Session\Handlers\FileHandler' driver.
INFO - 2024-11-05 20:39:33 --> Session: Class initialized using 'CodeIgniter\Session\Handlers\FileHandler' driver.
INFO - 2024-11-05 20:39:36 --> Session: Class initialized using 'CodeIgniter\Session\Handlers\FileHandler' driver.
